0 info it worked if it ends with ok
1 verbose cli [ '/Users/olvado/.nvm/v0.10.26/bin/node',
1 verbose cli   '/Users/olvado/.nvm/v0.10.26/bin/npm',
1 verbose cli   'run',
1 verbose cli   'dev' ]
2 info using npm@1.4.3
3 info using node@v0.10.26
4 verbose run-script [ 'predev', 'dev', 'postdev' ]
5 info predev webpack_rails@0.0.0
6 info dev webpack_rails@0.0.0
7 verbose unsafe-perm in lifecycle true
8 info webpack_rails@0.0.0 Failed to exec dev script
9 error webpack_rails@0.0.0 dev: `eslint app/assets/javascripts/_application.js && webpack --config webpack.config.js --watch --verbose`
9 error Exit status 1
10 error Failed at the webpack_rails@0.0.0 dev script.
10 error This is most likely a problem with the webpack_rails package,
10 error not with npm itself.
10 error Tell the author that this fails on your system:
10 error     eslint app/assets/javascripts/_application.js && webpack --config webpack.config.js --watch --verbose
10 error You can get their info via:
10 error     npm owner ls webpack_rails
10 error There is likely additional logging output above.
11 error System Darwin 14.4.0
12 error command "/Users/olvado/.nvm/v0.10.26/bin/node" "/Users/olvado/.nvm/v0.10.26/bin/npm" "run" "dev"
13 error cwd /Users/olvado/mxm/mxm/examples/webpack_rails
14 error node -v v0.10.26
15 error npm -v 1.4.3
16 error code ELIFECYCLE
17 verbose exit [ 1, true ]
